g:\common\coding\libman\debug\vc142.pdb
g:\common\coding\libman\debug\vc142.idb
g:\common\coding\libman\debug\main.obj
g:\common\coding\libman\debug\imgui_impl_win32.obj
g:\common\coding\libman\debug\imgui_impl_dx11.obj
g:\common\coding\libman\debug\imgui_widgets.obj
g:\common\coding\libman\debug\imgui_tables.obj
g:\common\coding\libman\debug\imgui_draw.obj
g:\common\coding\libman\debug\imgui_demo.obj
g:\common\coding\libman\debug\imgui.obj
g:\common\coding\github\libman\debug\vc142.pdb
g:\common\coding\github\libman\debug\vc142.idb
g:\common\coding\github\libman\debug\stockman.obj
g:\common\coding\github\libman\debug\main.obj
g:\common\coding\github\libman\debug\imgui_impl_win32.obj
g:\common\coding\github\libman\debug\imgui_impl_dx11.obj
g:\common\coding\github\libman\debug\imgui_widgets.obj
g:\common\coding\github\libman\debug\imgui_tables.obj
g:\common\coding\github\libman\debug\imgui_draw.obj
g:\common\coding\github\libman\debug\imgui_demo.obj
g:\common\coding\github\libman\debug\imgui.obj
g:\common\coding\github\libman\debug\uid.obj
g:\common\coding\github\libman\debug\encrypt.obj
g:\common\coding\libman\debug\libman.exe
g:\common\coding\libman\debug\libman.ilk
g:\common\coding\libman\debug\libman.pdb
g:\common\coding\github\libman\debug\libman.exe
g:\common\coding\github\libman\debug\libman.ilk
g:\common\coding\github\libman\debug\libman.pdb
g:\common\coding\github\libman\debug\libman.tlog\cl.command.1.tlog
g:\common\coding\github\libman\debug\libman.tlog\cl.read.1.tlog
g:\common\coding\github\libman\debug\libman.tlog\cl.write.1.tlog
g:\common\coding\github\libman\debug\libman.tlog\link.command.1.tlog
g:\common\coding\github\libman\debug\libman.tlog\link.read.1.tlog
g:\common\coding\github\libman\debug\libman.tlog\link.write.1.tlog
