g:\common\coding\libman\release\vc142.pdb
g:\common\coding\libman\release\main.obj
g:\common\coding\libman\release\imgui_impl_win32.obj
g:\common\coding\libman\release\imgui_impl_dx11.obj
g:\common\coding\libman\release\imgui_widgets.obj
g:\common\coding\libman\release\imgui_tables.obj
g:\common\coding\libman\release\imgui_draw.obj
g:\common\coding\libman\release\imgui_demo.obj
g:\common\coding\libman\release\imgui.obj
g:\common\coding\github\libman\release\vc142.pdb
g:\common\coding\github\libman\release\tester.obj
g:\common\coding\libman\release\libman.ipdb
g:\common\coding\libman\release\libman.iobj
g:\common\coding\libman\release\libman.exe
g:\common\coding\libman\release\libman.pdb
g:\common\coding\github\libman\release\imgui.obj
g:\common\coding\github\libman\release\imgui_demo.obj
g:\common\coding\github\libman\release\imgui_draw.obj
g:\common\coding\github\libman\release\imgui_impl_dx11.obj
g:\common\coding\github\libman\release\imgui_impl_win32.obj
g:\common\coding\github\libman\release\imgui_tables.obj
g:\common\coding\github\libman\release\imgui_widgets.obj
g:\common\coding\github\libman\release\main.obj
g:\common\coding\github\libman\release\libman.ipdb
g:\common\coding\github\libman\release\libman.iobj
g:\common\coding\github\libman\release\libman.pdb
g:\common\coding\github\libman\release\libman.exe
g:\common\coding\github\libman\release\libman.tlog\cl.command.1.tlog
g:\common\coding\github\libman\release\libman.tlog\cl.read.1.tlog
g:\common\coding\github\libman\release\libman.tlog\cl.write.1.tlog
g:\common\coding\github\libman\release\libman.tlog\libman.write.1u.tlog
g:\common\coding\github\libman\release\libman.tlog\link.command.1.tlog
g:\common\coding\github\libman\release\libman.tlog\link.read.1.tlog
g:\common\coding\github\libman\release\libman.tlog\link.write.1.tlog
